2012/10/10 03:14:05 [trace] [system.CModule] Loading "log" application component
in F:\home\ship\work\PHP\eds\www\index.php (16)
2012/10/10 03:14:05 [trace] [system.CModule] Loading "request" application component
in F:\home\ship\work\PHP\eds\www\index.php (16)
2012/10/10 03:14:05 [trace] [system.CModule] Loading "urlManager" application component
in F:\home\ship\work\PHP\eds\www\index.php (16)
2012/10/10 03:14:05 [trace] [system.CModule] Loading "user" application component
in F:\home\ship\work\PHP\eds\www\protected\controllers\IssueController.php (8)
in F:\home\ship\work\PHP\eds\www\index.php (16)
2012/10/10 03:14:05 [trace] [system.CModule] Loading "session" application component
in F:\home\ship\work\PHP\eds\www\protected\controllers\IssueController.php (8)
in F:\home\ship\work\PHP\eds\www\index.php (16)
2012/10/10 03:14:05 [trace] [system.CModule] Loading "clientScript" application component
in F:\home\ship\work\PHP\eds\www\protected\controllers\IssueController.php (9)
in F:\home\ship\work\PHP\eds\www\index.php (16)
2012/10/10 03:14:05 [trace] [system.web.filters.CFilterChain] Running filter IssueController.filteraccessControl()
in F:\home\ship\work\PHP\eds\www\index.php (16)
2012/10/10 03:14:05 [trace] [system.CModule] Loading "db" application component
in F:\home\ship\work\PHP\eds\www\protected\models\Issue.php (31)
in F:\home\ship\work\PHP\eds\www\protected\controllers\IssueController.php (255)
in F:\home\ship\work\PHP\eds\www\protected\views\issue\extjs\data.php (1)
2012/10/10 03:14:05 [trace] [system.db.CDbConnection] Opening DB connection
in F:\home\ship\work\PHP\eds\www\protected\models\Issue.php (31)
in F:\home\ship\work\PHP\eds\www\protected\controllers\IssueController.php (255)
in F:\home\ship\work\PHP\eds\www\protected\views\issue\extjs\data.php (1)
2012/10/10 03:14:06 [trace] [system.db.CDbCommand] Querying SQL: SHOW COLUMNS FROM `tbl_issue`
in F:\home\ship\work\PHP\eds\www\protected\models\Issue.php (31)
in F:\home\ship\work\PHP\eds\www\protected\controllers\IssueController.php (255)
in F:\home\ship\work\PHP\eds\www\protected\views\issue\extjs\data.php (1)
2012/10/10 03:14:06 [trace] [system.db.CDbCommand] Querying SQL: SHOW CREATE TABLE `tbl_issue`
in F:\home\ship\work\PHP\eds\www\protected\models\Issue.php (31)
in F:\home\ship\work\PHP\eds\www\protected\controllers\IssueController.php (255)
in F:\home\ship\work\PHP\eds\www\protected\views\issue\extjs\data.php (1)
2012/10/10 03:14:06 [trace] [system.db.CDbCommand] Querying SQL: SELECT *
FROM `v_issue` `i`
WHERE client_login = :client_login
ORDER BY `is_closed`, `issue_date` DESC
in F:\home\ship\work\PHP\eds\www\protected\controllers\IssueController.php (277)
in F:\home\ship\work\PHP\eds\www\protected\views\issue\extjs\data.php (1)
in F:\home\ship\work\PHP\eds\www\protected\controllers\IssueController.php (248)
2012/10/10 03:14:15 [trace] [system.CModule] Loading "log" application component
in F:\home\ship\work\PHP\eds\www\index.php (16)
2012/10/10 03:14:15 [trace] [system.CModule] Loading "request" application component
in F:\home\ship\work\PHP\eds\www\index.php (16)
2012/10/10 03:14:15 [trace] [system.CModule] Loading "urlManager" application component
in F:\home\ship\work\PHP\eds\www\index.php (16)
2012/10/10 03:14:15 [trace] [system.CModule] Loading "user" application component
in F:\home\ship\work\PHP\eds\www\protected\controllers\IssueController.php (8)
in F:\home\ship\work\PHP\eds\www\index.php (16)
2012/10/10 03:14:15 [trace] [system.CModule] Loading "session" application component
in F:\home\ship\work\PHP\eds\www\protected\controllers\IssueController.php (8)
in F:\home\ship\work\PHP\eds\www\index.php (16)
2012/10/10 03:14:15 [trace] [system.CModule] Loading "clientScript" application component
in F:\home\ship\work\PHP\eds\www\protected\controllers\IssueController.php (9)
in F:\home\ship\work\PHP\eds\www\index.php (16)
2012/10/10 03:14:16 [trace] [system.web.filters.CFilterChain] Running filter IssueController.filteraccessControl()
in F:\home\ship\work\PHP\eds\www\index.php (16)
2012/10/10 03:14:16 [trace] [system.CModule] Loading "db" application component
in F:\home\ship\work\PHP\eds\www\protected\models\Issue.php (31)
in F:\home\ship\work\PHP\eds\www\protected\controllers\IssueController.php (255)
in F:\home\ship\work\PHP\eds\www\protected\views\issue\extjs\data.php (1)
2012/10/10 03:14:16 [trace] [system.db.CDbConnection] Opening DB connection
in F:\home\ship\work\PHP\eds\www\protected\models\Issue.php (31)
in F:\home\ship\work\PHP\eds\www\protected\controllers\IssueController.php (255)
in F:\home\ship\work\PHP\eds\www\protected\views\issue\extjs\data.php (1)
2012/10/10 03:14:16 [trace] [system.db.CDbCommand] Querying SQL: SHOW COLUMNS FROM `tbl_issue`
in F:\home\ship\work\PHP\eds\www\protected\models\Issue.php (31)
in F:\home\ship\work\PHP\eds\www\protected\controllers\IssueController.php (255)
in F:\home\ship\work\PHP\eds\www\protected\views\issue\extjs\data.php (1)
2012/10/10 03:14:16 [trace] [system.db.CDbCommand] Querying SQL: SHOW CREATE TABLE `tbl_issue`
in F:\home\ship\work\PHP\eds\www\protected\models\Issue.php (31)
in F:\home\ship\work\PHP\eds\www\protected\controllers\IssueController.php (255)
in F:\home\ship\work\PHP\eds\www\protected\views\issue\extjs\data.php (1)
2012/10/10 03:14:16 [trace] [system.db.CDbCommand] Querying SQL: SELECT *
FROM `v_issue` `i`
WHERE client_login = :client_login
ORDER BY `is_closed`, `issue_date` DESC
in F:\home\ship\work\PHP\eds\www\protected\controllers\IssueController.php (277)
in F:\home\ship\work\PHP\eds\www\protected\views\issue\extjs\data.php (1)
in F:\home\ship\work\PHP\eds\www\protected\controllers\IssueController.php (248)
2012/10/10 03:14:25 [trace] [system.CModule] Loading "log" application component
in F:\home\ship\work\PHP\eds\www\index.php (16)
2012/10/10 03:14:25 [trace] [system.CModule] Loading "request" application component
in F:\home\ship\work\PHP\eds\www\index.php (16)
2012/10/10 03:14:25 [trace] [system.CModule] Loading "urlManager" application component
in F:\home\ship\work\PHP\eds\www\index.php (16)
2012/10/10 03:14:25 [trace] [system.CModule] Loading "user" application component
in F:\home\ship\work\PHP\eds\www\protected\controllers\IssueController.php (8)
in F:\home\ship\work\PHP\eds\www\index.php (16)
2012/10/10 03:14:25 [trace] [system.CModule] Loading "session" application component
in F:\home\ship\work\PHP\eds\www\protected\controllers\IssueController.php (8)
in F:\home\ship\work\PHP\eds\www\index.php (16)
2012/10/10 03:14:25 [trace] [system.CModule] Loading "clientScript" application component
in F:\home\ship\work\PHP\eds\www\protected\controllers\IssueController.php (9)
in F:\home\ship\work\PHP\eds\www\index.php (16)
2012/10/10 03:14:25 [trace] [system.web.filters.CFilterChain] Running filter IssueController.filteraccessControl()
in F:\home\ship\work\PHP\eds\www\index.php (16)
2012/10/10 03:14:25 [trace] [system.CModule] Loading "db" application component
in F:\home\ship\work\PHP\eds\www\protected\models\Issue.php (31)
in F:\home\ship\work\PHP\eds\www\protected\controllers\IssueController.php (255)
in F:\home\ship\work\PHP\eds\www\protected\views\issue\extjs\data.php (1)
2012/10/10 03:14:25 [trace] [system.db.CDbConnection] Opening DB connection
in F:\home\ship\work\PHP\eds\www\protected\models\Issue.php (31)
in F:\home\ship\work\PHP\eds\www\protected\controllers\IssueController.php (255)
in F:\home\ship\work\PHP\eds\www\protected\views\issue\extjs\data.php (1)
2012/10/10 03:14:26 [trace] [system.db.CDbCommand] Querying SQL: SHOW COLUMNS FROM `tbl_issue`
in F:\home\ship\work\PHP\eds\www\protected\models\Issue.php (31)
in F:\home\ship\work\PHP\eds\www\protected\controllers\IssueController.php (255)
in F:\home\ship\work\PHP\eds\www\protected\views\issue\extjs\data.php (1)
2012/10/10 03:14:26 [trace] [system.db.CDbCommand] Querying SQL: SHOW CREATE TABLE `tbl_issue`
in F:\home\ship\work\PHP\eds\www\protected\models\Issue.php (31)
in F:\home\ship\work\PHP\eds\www\protected\controllers\IssueController.php (255)
in F:\home\ship\work\PHP\eds\www\protected\views\issue\extjs\data.php (1)
2012/10/10 03:14:26 [trace] [system.db.CDbCommand] Querying SQL: SELECT *
FROM `v_issue` `i`
WHERE client_login = :client_login
ORDER BY `is_closed`, `issue_date` DESC
in F:\home\ship\work\PHP\eds\www\protected\controllers\IssueController.php (277)
in F:\home\ship\work\PHP\eds\www\protected\views\issue\extjs\data.php (1)
in F:\home\ship\work\PHP\eds\www\protected\controllers\IssueController.php (248)
2012/10/10 03:14:35 [trace] [system.CModule] Loading "log" application component
in F:\home\ship\work\PHP\eds\www\index.php (16)
2012/10/10 03:14:35 [trace] [system.CModule] Loading "request" application component
in F:\home\ship\work\PHP\eds\www\index.php (16)
2012/10/10 03:14:35 [trace] [system.CModule] Loading "urlManager" application component
in F:\home\ship\work\PHP\eds\www\index.php (16)
2012/10/10 03:14:35 [trace] [system.CModule] Loading "user" application component
in F:\home\ship\work\PHP\eds\www\protected\controllers\IssueController.php (8)
in F:\home\ship\work\PHP\eds\www\index.php (16)
2012/10/10 03:14:35 [trace] [system.CModule] Loading "session" application component
in F:\home\ship\work\PHP\eds\www\protected\controllers\IssueController.php (8)
in F:\home\ship\work\PHP\eds\www\index.php (16)
2012/10/10 03:14:35 [trace] [system.CModule] Loading "clientScript" application component
in F:\home\ship\work\PHP\eds\www\protected\controllers\IssueController.php (9)
in F:\home\ship\work\PHP\eds\www\index.php (16)
2012/10/10 03:14:36 [trace] [system.web.filters.CFilterChain] Running filter IssueController.filteraccessControl()
in F:\home\ship\work\PHP\eds\www\index.php (16)
2012/10/10 03:14:36 [trace] [system.CModule] Loading "db" application component
in F:\home\ship\work\PHP\eds\www\protected\models\Issue.php (31)
in F:\home\ship\work\PHP\eds\www\protected\controllers\IssueController.php (255)
in F:\home\ship\work\PHP\eds\www\protected\views\issue\extjs\data.php (1)
2012/10/10 03:14:36 [trace] [system.db.CDbConnection] Opening DB connection
in F:\home\ship\work\PHP\eds\www\protected\models\Issue.php (31)
in F:\home\ship\work\PHP\eds\www\protected\controllers\IssueController.php (255)
in F:\home\ship\work\PHP\eds\www\protected\views\issue\extjs\data.php (1)
2012/10/10 03:14:36 [trace] [system.db.CDbCommand] Querying SQL: SHOW COLUMNS FROM `tbl_issue`
in F:\home\ship\work\PHP\eds\www\protected\models\Issue.php (31)
in F:\home\ship\work\PHP\eds\www\protected\controllers\IssueController.php (255)
in F:\home\ship\work\PHP\eds\www\protected\views\issue\extjs\data.php (1)
2012/10/10 03:14:36 [trace] [system.db.CDbCommand] Querying SQL: SHOW CREATE TABLE `tbl_issue`
in F:\home\ship\work\PHP\eds\www\protected\models\Issue.php (31)
in F:\home\ship\work\PHP\eds\www\protected\controllers\IssueController.php (255)
in F:\home\ship\work\PHP\eds\www\protected\views\issue\extjs\data.php (1)
2012/10/10 03:14:36 [trace] [system.db.CDbCommand] Querying SQL: SELECT *
FROM `v_issue` `i`
WHERE client_login = :client_login
ORDER BY `is_closed`, `issue_date` DESC
in F:\home\ship\work\PHP\eds\www\protected\controllers\IssueController.php (277)
in F:\home\ship\work\PHP\eds\www\protected\views\issue\extjs\data.php (1)
in F:\home\ship\work\PHP\eds\www\protected\controllers\IssueController.php (248)
2012/10/10 03:14:45 [trace] [system.CModule] Loading "log" application component
in F:\home\ship\work\PHP\eds\www\index.php (16)
2012/10/10 03:14:45 [trace] [system.CModule] Loading "request" application component
in F:\home\ship\work\PHP\eds\www\index.php (16)
2012/10/10 03:14:45 [trace] [system.CModule] Loading "urlManager" application component
in F:\home\ship\work\PHP\eds\www\index.php (16)
2012/10/10 03:14:45 [trace] [system.CModule] Loading "user" application component
in F:\home\ship\work\PHP\eds\www\protected\controllers\IssueController.php (8)
in F:\home\ship\work\PHP\eds\www\index.php (16)
2012/10/10 03:14:45 [trace] [system.CModule] Loading "session" application component
in F:\home\ship\work\PHP\eds\www\protected\controllers\IssueController.php (8)
in F:\home\ship\work\PHP\eds\www\index.php (16)
2012/10/10 03:14:45 [trace] [system.CModule] Loading "clientScript" application component
in F:\home\ship\work\PHP\eds\www\protected\controllers\IssueController.php (9)
in F:\home\ship\work\PHP\eds\www\index.php (16)
2012/10/10 03:14:45 [trace] [system.web.filters.CFilterChain] Running filter IssueController.filteraccessControl()
in F:\home\ship\work\PHP\eds\www\index.php (16)
2012/10/10 03:14:45 [trace] [system.CModule] Loading "db" application component
in F:\home\ship\work\PHP\eds\www\protected\models\Issue.php (31)
in F:\home\ship\work\PHP\eds\www\protected\controllers\IssueController.php (255)
in F:\home\ship\work\PHP\eds\www\protected\views\issue\extjs\data.php (1)
2012/10/10 03:14:45 [trace] [system.db.CDbConnection] Opening DB connection
in F:\home\ship\work\PHP\eds\www\protected\models\Issue.php (31)
in F:\home\ship\work\PHP\eds\www\protected\controllers\IssueController.php (255)
in F:\home\ship\work\PHP\eds\www\protected\views\issue\extjs\data.php (1)
2012/10/10 03:14:46 [trace] [system.db.CDbCommand] Querying SQL: SHOW COLUMNS FROM `tbl_issue`
in F:\home\ship\work\PHP\eds\www\protected\models\Issue.php (31)
in F:\home\ship\work\PHP\eds\www\protected\controllers\IssueController.php (255)
in F:\home\ship\work\PHP\eds\www\protected\views\issue\extjs\data.php (1)
2012/10/10 03:14:46 [trace] [system.db.CDbCommand] Querying SQL: SHOW CREATE TABLE `tbl_issue`
in F:\home\ship\work\PHP\eds\www\protected\models\Issue.php (31)
in F:\home\ship\work\PHP\eds\www\protected\controllers\IssueController.php (255)
in F:\home\ship\work\PHP\eds\www\protected\views\issue\extjs\data.php (1)
2012/10/10 03:14:46 [trace] [system.db.CDbCommand] Querying SQL: SELECT *
FROM `v_issue` `i`
WHERE client_login = :client_login
ORDER BY `is_closed`, `issue_date` DESC
in F:\home\ship\work\PHP\eds\www\protected\controllers\IssueController.php (277)
in F:\home\ship\work\PHP\eds\www\protected\views\issue\extjs\data.php (1)
in F:\home\ship\work\PHP\eds\www\protected\controllers\IssueController.php (248)
2012/10/10 03:14:55 [trace] [system.CModule] Loading "log" application component
in F:\home\ship\work\PHP\eds\www\index.php (16)
2012/10/10 03:14:55 [trace] [system.CModule] Loading "request" application component
in F:\home\ship\work\PHP\eds\www\index.php (16)
2012/10/10 03:14:55 [trace] [system.CModule] Loading "urlManager" application component
in F:\home\ship\work\PHP\eds\www\index.php (16)
2012/10/10 03:14:55 [trace] [system.CModule] Loading "user" application component
in F:\home\ship\work\PHP\eds\www\protected\controllers\IssueController.php (8)
in F:\home\ship\work\PHP\eds\www\index.php (16)
2012/10/10 03:14:55 [trace] [system.CModule] Loading "session" application component
in F:\home\ship\work\PHP\eds\www\protected\controllers\IssueController.php (8)
in F:\home\ship\work\PHP\eds\www\index.php (16)
2012/10/10 03:14:55 [trace] [system.CModule] Loading "clientScript" application component
in F:\home\ship\work\PHP\eds\www\protected\controllers\IssueController.php (9)
in F:\home\ship\work\PHP\eds\www\index.php (16)
2012/10/10 03:14:55 [trace] [system.web.filters.CFilterChain] Running filter IssueController.filteraccessControl()
in F:\home\ship\work\PHP\eds\www\index.php (16)
2012/10/10 03:14:55 [trace] [system.CModule] Loading "db" application component
in F:\home\ship\work\PHP\eds\www\protected\models\Issue.php (31)
in F:\home\ship\work\PHP\eds\www\protected\controllers\IssueController.php (255)
in F:\home\ship\work\PHP\eds\www\protected\views\issue\extjs\data.php (1)
2012/10/10 03:14:55 [trace] [system.db.CDbConnection] Opening DB connection
in F:\home\ship\work\PHP\eds\www\protected\models\Issue.php (31)
in F:\home\ship\work\PHP\eds\www\protected\controllers\IssueController.php (255)
in F:\home\ship\work\PHP\eds\www\protected\views\issue\extjs\data.php (1)
2012/10/10 03:14:55 [trace] [system.db.CDbCommand] Querying SQL: SHOW COLUMNS FROM `tbl_issue`
in F:\home\ship\work\PHP\eds\www\protected\models\Issue.php (31)
in F:\home\ship\work\PHP\eds\www\protected\controllers\IssueController.php (255)
in F:\home\ship\work\PHP\eds\www\protected\views\issue\extjs\data.php (1)
2012/10/10 03:14:56 [trace] [system.db.CDbCommand] Querying SQL: SHOW CREATE TABLE `tbl_issue`
in F:\home\ship\work\PHP\eds\www\protected\models\Issue.php (31)
in F:\home\ship\work\PHP\eds\www\protected\controllers\IssueController.php (255)
in F:\home\ship\work\PHP\eds\www\protected\views\issue\extjs\data.php (1)
2012/10/10 03:14:56 [trace] [system.db.CDbCommand] Querying SQL: SELECT *
FROM `v_issue` `i`
WHERE client_login = :client_login
ORDER BY `is_closed`, `issue_date` DESC
in F:\home\ship\work\PHP\eds\www\protected\controllers\IssueController.php (277)
in F:\home\ship\work\PHP\eds\www\protected\views\issue\extjs\data.php (1)
in F:\home\ship\work\PHP\eds\www\protected\controllers\IssueController.php (248)
2012/10/10 03:15:05 [trace] [system.CModule] Loading "log" application component
in F:\home\ship\work\PHP\eds\www\index.php (16)
2012/10/10 03:15:05 [trace] [system.CModule] Loading "request" application component
in F:\home\ship\work\PHP\eds\www\index.php (16)
2012/10/10 03:15:05 [trace] [system.CModule] Loading "urlManager" application component
in F:\home\ship\work\PHP\eds\www\index.php (16)
2012/10/10 03:15:05 [trace] [system.CModule] Loading "user" application component
in F:\home\ship\work\PHP\eds\www\protected\controllers\IssueController.php (8)
in F:\home\ship\work\PHP\eds\www\index.php (16)
2012/10/10 03:15:05 [trace] [system.CModule] Loading "session" application component
in F:\home\ship\work\PHP\eds\www\protected\controllers\IssueController.php (8)
in F:\home\ship\work\PHP\eds\www\index.php (16)
2012/10/10 03:15:05 [trace] [system.CModule] Loading "clientScript" application component
in F:\home\ship\work\PHP\eds\www\protected\controllers\IssueController.php (9)
in F:\home\ship\work\PHP\eds\www\index.php (16)
2012/10/10 03:15:05 [trace] [system.web.filters.CFilterChain] Running filter IssueController.filteraccessControl()
in F:\home\ship\work\PHP\eds\www\index.php (16)
2012/10/10 03:15:05 [trace] [system.CModule] Loading "db" application component
in F:\home\ship\work\PHP\eds\www\protected\models\Issue.php (31)
in F:\home\ship\work\PHP\eds\www\protected\controllers\IssueController.php (255)
in F:\home\ship\work\PHP\eds\www\protected\views\issue\extjs\data.php (1)
2012/10/10 03:15:05 [trace] [system.db.CDbConnection] Opening DB connection
in F:\home\ship\work\PHP\eds\www\protected\models\Issue.php (31)
in F:\home\ship\work\PHP\eds\www\protected\controllers\IssueController.php (255)
in F:\home\ship\work\PHP\eds\www\protected\views\issue\extjs\data.php (1)
2012/10/10 03:15:05 [trace] [system.db.CDbCommand] Querying SQL: SHOW COLUMNS FROM `tbl_issue`
in F:\home\ship\work\PHP\eds\www\protected\models\Issue.php (31)
in F:\home\ship\work\PHP\eds\www\protected\controllers\IssueController.php (255)
in F:\home\ship\work\PHP\eds\www\protected\views\issue\extjs\data.php (1)
2012/10/10 03:15:05 [trace] [system.db.CDbCommand] Querying SQL: SHOW CREATE TABLE `tbl_issue`
in F:\home\ship\work\PHP\eds\www\protected\models\Issue.php (31)
in F:\home\ship\work\PHP\eds\www\protected\controllers\IssueController.php (255)
in F:\home\ship\work\PHP\eds\www\protected\views\issue\extjs\data.php (1)
2012/10/10 03:15:05 [trace] [system.db.CDbCommand] Querying SQL: SELECT *
FROM `v_issue` `i`
WHERE client_login = :client_login
ORDER BY `is_closed`, `issue_date` DESC
in F:\home\ship\work\PHP\eds\www\protected\controllers\IssueController.php (277)
in F:\home\ship\work\PHP\eds\www\protected\views\issue\extjs\data.php (1)
in F:\home\ship\work\PHP\eds\www\protected\controllers\IssueController.php (248)
2012/10/10 03:15:15 [trace] [system.CModule] Loading "log" application component
in F:\home\ship\work\PHP\eds\www\index.php (16)
2012/10/10 03:15:15 [trace] [system.CModule] Loading "request" application component
in F:\home\ship\work\PHP\eds\www\index.php (16)
2012/10/10 03:15:15 [trace] [system.CModule] Loading "urlManager" application component
in F:\home\ship\work\PHP\eds\www\index.php (16)
2012/10/10 03:15:15 [trace] [system.CModule] Loading "user" application component
in F:\home\ship\work\PHP\eds\www\protected\controllers\IssueController.php (8)
in F:\home\ship\work\PHP\eds\www\index.php (16)
2012/10/10 03:15:15 [trace] [system.CModule] Loading "session" application component
in F:\home\ship\work\PHP\eds\www\protected\controllers\IssueController.php (8)
in F:\home\ship\work\PHP\eds\www\index.php (16)
2012/10/10 03:15:15 [trace] [system.CModule] Loading "clientScript" application component
in F:\home\ship\work\PHP\eds\www\protected\controllers\IssueController.php (9)
in F:\home\ship\work\PHP\eds\www\index.php (16)
2012/10/10 03:15:15 [trace] [system.web.filters.CFilterChain] Running filter IssueController.filteraccessControl()
in F:\home\ship\work\PHP\eds\www\index.php (16)
2012/10/10 03:15:15 [trace] [system.CModule] Loading "db" application component
in F:\home\ship\work\PHP\eds\www\protected\models\Issue.php (31)
in F:\home\ship\work\PHP\eds\www\protected\controllers\IssueController.php (255)
in F:\home\ship\work\PHP\eds\www\protected\views\issue\extjs\data.php (1)
2012/10/10 03:15:15 [trace] [system.db.CDbConnection] Opening DB connection
in F:\home\ship\work\PHP\eds\www\protected\models\Issue.php (31)
in F:\home\ship\work\PHP\eds\www\protected\controllers\IssueController.php (255)
in F:\home\ship\work\PHP\eds\www\protected\views\issue\extjs\data.php (1)
2012/10/10 03:15:16 [trace] [system.db.CDbCommand] Querying SQL: SHOW COLUMNS FROM `tbl_issue`
in F:\home\ship\work\PHP\eds\www\protected\models\Issue.php (31)
in F:\home\ship\work\PHP\eds\www\protected\controllers\IssueController.php (255)
in F:\home\ship\work\PHP\eds\www\protected\views\issue\extjs\data.php (1)
2012/10/10 03:15:16 [trace] [system.db.CDbCommand] Querying SQL: SHOW CREATE TABLE `tbl_issue`
in F:\home\ship\work\PHP\eds\www\protected\models\Issue.php (31)
in F:\home\ship\work\PHP\eds\www\protected\controllers\IssueController.php (255)
in F:\home\ship\work\PHP\eds\www\protected\views\issue\extjs\data.php (1)
2012/10/10 03:15:16 [trace] [system.db.CDbCommand] Querying SQL: SELECT *
FROM `v_issue` `i`
WHERE client_login = :client_login
ORDER BY `is_closed`, `issue_date` DESC
in F:\home\ship\work\PHP\eds\www\protected\controllers\IssueController.php (277)
in F:\home\ship\work\PHP\eds\www\protected\views\issue\extjs\data.php (1)
in F:\home\ship\work\PHP\eds\www\protected\controllers\IssueController.php (248)
2012/10/10 03:15:26 [trace] [system.CModule] Loading "log" application component
in F:\home\ship\work\PHP\eds\www\index.php (16)
2012/10/10 03:15:26 [trace] [system.CModule] Loading "request" application component
in F:\home\ship\work\PHP\eds\www\index.php (16)
2012/10/10 03:15:26 [trace] [system.CModule] Loading "urlManager" application component
in F:\home\ship\work\PHP\eds\www\index.php (16)
2012/10/10 03:15:26 [trace] [system.CModule] Loading "user" application component
in F:\home\ship\work\PHP\eds\www\protected\controllers\IssueController.php (8)
in F:\home\ship\work\PHP\eds\www\index.php (16)
2012/10/10 03:15:26 [trace] [system.CModule] Loading "session" application component
in F:\home\ship\work\PHP\eds\www\protected\controllers\IssueController.php (8)
in F:\home\ship\work\PHP\eds\www\index.php (16)
2012/10/10 03:15:26 [trace] [system.CModule] Loading "clientScript" application component
in F:\home\ship\work\PHP\eds\www\protected\controllers\IssueController.php (9)
in F:\home\ship\work\PHP\eds\www\index.php (16)
2012/10/10 03:15:26 [trace] [system.web.filters.CFilterChain] Running filter IssueController.filteraccessControl()
in F:\home\ship\work\PHP\eds\www\index.php (16)
2012/10/10 03:15:26 [trace] [system.CModule] Loading "db" application component
in F:\home\ship\work\PHP\eds\www\protected\models\Issue.php (31)
in F:\home\ship\work\PHP\eds\www\protected\controllers\IssueController.php (255)
in F:\home\ship\work\PHP\eds\www\protected\views\issue\extjs\data.php (1)
2012/10/10 03:15:26 [trace] [system.db.CDbConnection] Opening DB connection
in F:\home\ship\work\PHP\eds\www\protected\models\Issue.php (31)
in F:\home\ship\work\PHP\eds\www\protected\controllers\IssueController.php (255)
in F:\home\ship\work\PHP\eds\www\protected\views\issue\extjs\data.php (1)
2012/10/10 03:15:26 [trace] [system.db.CDbCommand] Querying SQL: SHOW COLUMNS FROM `tbl_issue`
in F:\home\ship\work\PHP\eds\www\protected\models\Issue.php (31)
in F:\home\ship\work\PHP\eds\www\protected\controllers\IssueController.php (255)
in F:\home\ship\work\PHP\eds\www\protected\views\issue\extjs\data.php (1)
2012/10/10 03:15:26 [trace] [system.db.CDbCommand] Querying SQL: SHOW CREATE TABLE `tbl_issue`
in F:\home\ship\work\PHP\eds\www\protected\models\Issue.php (31)
in F:\home\ship\work\PHP\eds\www\protected\controllers\IssueController.php (255)
in F:\home\ship\work\PHP\eds\www\protected\views\issue\extjs\data.php (1)
2012/10/10 03:15:26 [trace] [system.db.CDbCommand] Querying SQL: SELECT *
FROM `v_issue` `i`
WHERE client_login = :client_login
ORDER BY `is_closed`, `issue_date` DESC
in F:\home\ship\work\PHP\eds\www\protected\controllers\IssueController.php (277)
in F:\home\ship\work\PHP\eds\www\protected\views\issue\extjs\data.php (1)
in F:\home\ship\work\PHP\eds\www\protected\controllers\IssueController.php (248)
2012/10/10 03:15:35 [trace] [system.CModule] Loading "log" application component
in F:\home\ship\work\PHP\eds\www\index.php (16)
2012/10/10 03:15:35 [trace] [system.CModule] Loading "request" application component
in F:\home\ship\work\PHP\eds\www\index.php (16)
2012/10/10 03:15:35 [trace] [system.CModule] Loading "urlManager" application component
in F:\home\ship\work\PHP\eds\www\index.php (16)
2012/10/10 03:15:35 [trace] [system.CModule] Loading "user" application component
in F:\home\ship\work\PHP\eds\www\protected\controllers\IssueController.php (8)
in F:\home\ship\work\PHP\eds\www\index.php (16)
2012/10/10 03:15:35 [trace] [system.CModule] Loading "session" application component
in F:\home\ship\work\PHP\eds\www\protected\controllers\IssueController.php (8)
in F:\home\ship\work\PHP\eds\www\index.php (16)
2012/10/10 03:15:35 [trace] [system.CModule] Loading "clientScript" application component
in F:\home\ship\work\PHP\eds\www\protected\controllers\IssueController.php (9)
in F:\home\ship\work\PHP\eds\www\index.php (16)
2012/10/10 03:15:35 [trace] [system.web.filters.CFilterChain] Running filter IssueController.filteraccessControl()
in F:\home\ship\work\PHP\eds\www\index.php (16)
2012/10/10 03:15:35 [trace] [system.CModule] Loading "db" application component
in F:\home\ship\work\PHP\eds\www\protected\models\Issue.php (31)
in F:\home\ship\work\PHP\eds\www\protected\controllers\IssueController.php (255)
in F:\home\ship\work\PHP\eds\www\protected\views\issue\extjs\data.php (1)
2012/10/10 03:15:35 [trace] [system.db.CDbConnection] Opening DB connection
in F:\home\ship\work\PHP\eds\www\protected\models\Issue.php (31)
in F:\home\ship\work\PHP\eds\www\protected\controllers\IssueController.php (255)
in F:\home\ship\work\PHP\eds\www\protected\views\issue\extjs\data.php (1)
2012/10/10 03:15:35 [trace] [system.db.CDbCommand] Querying SQL: SHOW COLUMNS FROM `tbl_issue`
in F:\home\ship\work\PHP\eds\www\protected\models\Issue.php (31)
in F:\home\ship\work\PHP\eds\www\protected\controllers\IssueController.php (255)
in F:\home\ship\work\PHP\eds\www\protected\views\issue\extjs\data.php (1)
2012/10/10 03:15:35 [trace] [system.db.CDbCommand] Querying SQL: SHOW CREATE TABLE `tbl_issue`
in F:\home\ship\work\PHP\eds\www\protected\models\Issue.php (31)
in F:\home\ship\work\PHP\eds\www\protected\controllers\IssueController.php (255)
in F:\home\ship\work\PHP\eds\www\protected\views\issue\extjs\data.php (1)
2012/10/10 03:15:35 [trace] [system.db.CDbCommand] Querying SQL: SELECT *
FROM `v_issue` `i`
WHERE client_login = :client_login
ORDER BY `is_closed`, `issue_date` DESC
in F:\home\ship\work\PHP\eds\www\protected\controllers\IssueController.php (277)
in F:\home\ship\work\PHP\eds\www\protected\views\issue\extjs\data.php (1)
in F:\home\ship\work\PHP\eds\www\protected\controllers\IssueController.php (248)
2012/10/10 03:15:45 [trace] [system.CModule] Loading "log" application component
in F:\home\ship\work\PHP\eds\www\index.php (16)
2012/10/10 03:15:45 [trace] [system.CModule] Loading "request" application component
in F:\home\ship\work\PHP\eds\www\index.php (16)
2012/10/10 03:15:45 [trace] [system.CModule] Loading "urlManager" application component
in F:\home\ship\work\PHP\eds\www\index.php (16)
2012/10/10 03:15:45 [trace] [system.CModule] Loading "user" application component
in F:\home\ship\work\PHP\eds\www\protected\controllers\IssueController.php (8)
in F:\home\ship\work\PHP\eds\www\index.php (16)
2012/10/10 03:15:45 [trace] [system.CModule] Loading "session" application component
in F:\home\ship\work\PHP\eds\www\protected\controllers\IssueController.php (8)
in F:\home\ship\work\PHP\eds\www\index.php (16)
2012/10/10 03:15:45 [trace] [system.CModule] Loading "clientScript" application component
in F:\home\ship\work\PHP\eds\www\protected\controllers\IssueController.php (9)
in F:\home\ship\work\PHP\eds\www\index.php (16)
2012/10/10 03:15:45 [trace] [system.web.filters.CFilterChain] Running filter IssueController.filteraccessControl()
in F:\home\ship\work\PHP\eds\www\index.php (16)
2012/10/10 03:15:45 [trace] [system.CModule] Loading "db" application component
in F:\home\ship\work\PHP\eds\www\protected\models\Issue.php (31)
in F:\home\ship\work\PHP\eds\www\protected\controllers\IssueController.php (255)
in F:\home\ship\work\PHP\eds\www\protected\views\issue\extjs\data.php (1)
2012/10/10 03:15:45 [trace] [system.db.CDbConnection] Opening DB connection
in F:\home\ship\work\PHP\eds\www\protected\models\Issue.php (31)
in F:\home\ship\work\PHP\eds\www\protected\controllers\IssueController.php (255)
in F:\home\ship\work\PHP\eds\www\protected\views\issue\extjs\data.php (1)
2012/10/10 03:15:45 [trace] [system.db.CDbCommand] Querying SQL: SHOW COLUMNS FROM `tbl_issue`
in F:\home\ship\work\PHP\eds\www\protected\models\Issue.php (31)
in F:\home\ship\work\PHP\eds\www\protected\controllers\IssueController.php (255)
in F:\home\ship\work\PHP\eds\www\protected\views\issue\extjs\data.php (1)
2012/10/10 03:15:46 [trace] [system.db.CDbCommand] Querying SQL: SHOW CREATE TABLE `tbl_issue`
in F:\home\ship\work\PHP\eds\www\protected\models\Issue.php (31)
in F:\home\ship\work\PHP\eds\www\protected\controllers\IssueController.php (255)
in F:\home\ship\work\PHP\eds\www\protected\views\issue\extjs\data.php (1)
2012/10/10 03:15:46 [trace] [system.db.CDbCommand] Querying SQL: SELECT *
FROM `v_issue` `i`
WHERE client_login = :client_login
ORDER BY `is_closed`, `issue_date` DESC
in F:\home\ship\work\PHP\eds\www\protected\controllers\IssueController.php (277)
in F:\home\ship\work\PHP\eds\www\protected\views\issue\extjs\data.php (1)
in F:\home\ship\work\PHP\eds\www\protected\controllers\IssueController.php (248)
2012/10/10 03:15:55 [trace] [system.CModule] Loading "log" application component
in F:\home\ship\work\PHP\eds\www\index.php (16)
2012/10/10 03:15:55 [trace] [system.CModule] Loading "request" application component
in F:\home\ship\work\PHP\eds\www\index.php (16)
2012/10/10 03:15:55 [trace] [system.CModule] Loading "urlManager" application component
in F:\home\ship\work\PHP\eds\www\index.php (16)
2012/10/10 03:15:55 [trace] [system.CModule] Loading "user" application component
in F:\home\ship\work\PHP\eds\www\protected\controllers\IssueController.php (8)
in F:\home\ship\work\PHP\eds\www\index.php (16)
2012/10/10 03:15:55 [trace] [system.CModule] Loading "session" application component
in F:\home\ship\work\PHP\eds\www\protected\controllers\IssueController.php (8)
in F:\home\ship\work\PHP\eds\www\index.php (16)
2012/10/10 03:15:55 [trace] [system.CModule] Loading "clientScript" application component
in F:\home\ship\work\PHP\eds\www\protected\controllers\IssueController.php (9)
in F:\home\ship\work\PHP\eds\www\index.php (16)
2012/10/10 03:15:55 [trace] [system.web.filters.CFilterChain] Running filter IssueController.filteraccessControl()
in F:\home\ship\work\PHP\eds\www\index.php (16)
2012/10/10 03:15:55 [trace] [system.CModule] Loading "db" application component
in F:\home\ship\work\PHP\eds\www\protected\models\Issue.php (31)
in F:\home\ship\work\PHP\eds\www\protected\controllers\IssueController.php (255)
in F:\home\ship\work\PHP\eds\www\protected\views\issue\extjs\data.php (1)
2012/10/10 03:15:55 [trace] [system.db.CDbConnection] Opening DB connection
in F:\home\ship\work\PHP\eds\www\protected\models\Issue.php (31)
in F:\home\ship\work\PHP\eds\www\protected\controllers\IssueController.php (255)
in F:\home\ship\work\PHP\eds\www\protected\views\issue\extjs\data.php (1)
2012/10/10 03:15:55 [trace] [system.db.CDbCommand] Querying SQL: SHOW COLUMNS FROM `tbl_issue`
in F:\home\ship\work\PHP\eds\www\protected\models\Issue.php (31)
in F:\home\ship\work\PHP\eds\www\protected\controllers\IssueController.php (255)
in F:\home\ship\work\PHP\eds\www\protected\views\issue\extjs\data.php (1)
2012/10/10 03:15:55 [trace] [system.db.CDbCommand] Querying SQL: SHOW CREATE TABLE `tbl_issue`
in F:\home\ship\work\PHP\eds\www\protected\models\Issue.php (31)
in F:\home\ship\work\PHP\eds\www\protected\controllers\IssueController.php (255)
in F:\home\ship\work\PHP\eds\www\protected\views\issue\extjs\data.php (1)
2012/10/10 03:15:55 [trace] [system.db.CDbCommand] Querying SQL: SELECT *
FROM `v_issue` `i`
WHERE client_login = :client_login
ORDER BY `is_closed`, `issue_date` DESC
in F:\home\ship\work\PHP\eds\www\protected\controllers\IssueController.php (277)
in F:\home\ship\work\PHP\eds\www\protected\views\issue\extjs\data.php (1)
in F:\home\ship\work\PHP\eds\www\protected\controllers\IssueController.php (248)
2012/10/10 03:16:06 [trace] [system.CModule] Loading "log" application component
in F:\home\ship\work\PHP\eds\www\index.php (16)
2012/10/10 03:16:06 [trace] [system.CModule] Loading "request" application component
in F:\home\ship\work\PHP\eds\www\index.php (16)
2012/10/10 03:16:06 [trace] [system.CModule] Loading "urlManager" application component
in F:\home\ship\work\PHP\eds\www\index.php (16)
2012/10/10 03:16:06 [trace] [system.CModule] Loading "user" application component
in F:\home\ship\work\PHP\eds\www\protected\controllers\IssueController.php (8)
in F:\home\ship\work\PHP\eds\www\index.php (16)
2012/10/10 03:16:06 [trace] [system.CModule] Loading "session" application component
in F:\home\ship\work\PHP\eds\www\protected\controllers\IssueController.php (8)
in F:\home\ship\work\PHP\eds\www\index.php (16)
2012/10/10 03:16:06 [trace] [system.CModule] Loading "clientScript" application component
in F:\home\ship\work\PHP\eds\www\protected\controllers\IssueController.php (9)
in F:\home\ship\work\PHP\eds\www\index.php (16)
2012/10/10 03:16:06 [trace] [system.web.filters.CFilterChain] Running filter IssueController.filteraccessControl()
in F:\home\ship\work\PHP\eds\www\index.php (16)
2012/10/10 03:16:06 [trace] [system.CModule] Loading "db" application component
in F:\home\ship\work\PHP\eds\www\protected\models\Issue.php (31)
in F:\home\ship\work\PHP\eds\www\protected\controllers\IssueController.php (255)
in F:\home\ship\work\PHP\eds\www\protected\views\issue\extjs\data.php (1)
2012/10/10 03:16:06 [trace] [system.db.CDbConnection] Opening DB connection
in F:\home\ship\work\PHP\eds\www\protected\models\Issue.php (31)
in F:\home\ship\work\PHP\eds\www\protected\controllers\IssueController.php (255)
in F:\home\ship\work\PHP\eds\www\protected\views\issue\extjs\data.php (1)
2012/10/10 03:16:06 [trace] [system.db.CDbCommand] Querying SQL: SHOW COLUMNS FROM `tbl_issue`
in F:\home\ship\work\PHP\eds\www\protected\models\Issue.php (31)
in F:\home\ship\work\PHP\eds\www\protected\controllers\IssueController.php (255)
in F:\home\ship\work\PHP\eds\www\protected\views\issue\extjs\data.php (1)
2012/10/10 03:16:06 [trace] [system.db.CDbCommand] Querying SQL: SHOW CREATE TABLE `tbl_issue`
in F:\home\ship\work\PHP\eds\www\protected\models\Issue.php (31)
in F:\home\ship\work\PHP\eds\www\protected\controllers\IssueController.php (255)
in F:\home\ship\work\PHP\eds\www\protected\views\issue\extjs\data.php (1)
2012/10/10 03:16:06 [trace] [system.db.CDbCommand] Querying SQL: SELECT *
FROM `v_issue` `i`
WHERE client_login = :client_login
ORDER BY `is_closed`, `issue_date` DESC
in F:\home\ship\work\PHP\eds\www\protected\controllers\IssueController.php (277)
in F:\home\ship\work\PHP\eds\www\protected\views\issue\extjs\data.php (1)
in F:\home\ship\work\PHP\eds\www\protected\controllers\IssueController.php (248)
2012/10/10 03:16:15 [trace] [system.CModule] Loading "log" application component
in F:\home\ship\work\PHP\eds\www\index.php (16)
2012/10/10 03:16:15 [trace] [system.CModule] Loading "request" application component
in F:\home\ship\work\PHP\eds\www\index.php (16)
2012/10/10 03:16:15 [trace] [system.CModule] Loading "urlManager" application component
in F:\home\ship\work\PHP\eds\www\index.php (16)
2012/10/10 03:16:15 [trace] [system.CModule] Loading "user" application component
in F:\home\ship\work\PHP\eds\www\protected\controllers\IssueController.php (8)
in F:\home\ship\work\PHP\eds\www\index.php (16)
2012/10/10 03:16:15 [trace] [system.CModule] Loading "session" application component
in F:\home\ship\work\PHP\eds\www\protected\controllers\IssueController.php (8)
in F:\home\ship\work\PHP\eds\www\index.php (16)
2012/10/10 03:16:15 [trace] [system.CModule] Loading "clientScript" application component
in F:\home\ship\work\PHP\eds\www\protected\controllers\IssueController.php (9)
in F:\home\ship\work\PHP\eds\www\index.php (16)
2012/10/10 03:16:15 [trace] [system.web.filters.CFilterChain] Running filter IssueController.filteraccessControl()
in F:\home\ship\work\PHP\eds\www\index.php (16)
2012/10/10 03:16:15 [trace] [system.CModule] Loading "db" application component
in F:\home\ship\work\PHP\eds\www\protected\models\Issue.php (31)
in F:\home\ship\work\PHP\eds\www\protected\controllers\IssueController.php (255)
in F:\home\ship\work\PHP\eds\www\protected\views\issue\extjs\data.php (1)
2012/10/10 03:16:15 [trace] [system.db.CDbConnection] Opening DB connection
in F:\home\ship\work\PHP\eds\www\protected\models\Issue.php (31)
in F:\home\ship\work\PHP\eds\www\protected\controllers\IssueController.php (255)
in F:\home\ship\work\PHP\eds\www\protected\views\issue\extjs\data.php (1)
2012/10/10 03:16:15 [trace] [system.db.CDbCommand] Querying SQL: SHOW COLUMNS FROM `tbl_issue`
in F:\home\ship\work\PHP\eds\www\protected\models\Issue.php (31)
in F:\home\ship\work\PHP\eds\www\protected\controllers\IssueController.php (255)
in F:\home\ship\work\PHP\eds\www\protected\views\issue\extjs\data.php (1)
2012/10/10 03:16:15 [trace] [system.db.CDbCommand] Querying SQL: SHOW CREATE TABLE `tbl_issue`
in F:\home\ship\work\PHP\eds\www\protected\models\Issue.php (31)
in F:\home\ship\work\PHP\eds\www\protected\controllers\IssueController.php (255)
in F:\home\ship\work\PHP\eds\www\protected\views\issue\extjs\data.php (1)
2012/10/10 03:16:15 [trace] [system.db.CDbCommand] Querying SQL: SELECT *
FROM `v_issue` `i`
WHERE client_login = :client_login
ORDER BY `is_closed`, `issue_date` DESC
in F:\home\ship\work\PHP\eds\www\protected\controllers\IssueController.php (277)
in F:\home\ship\work\PHP\eds\www\protected\views\issue\extjs\data.php (1)
in F:\home\ship\work\PHP\eds\www\protected\controllers\IssueController.php (248)
2012/10/10 03:16:25 [trace] [system.CModule] Loading "log" application component
in F:\home\ship\work\PHP\eds\www\index.php (16)
2012/10/10 03:16:25 [trace] [system.CModule] Loading "request" application component
in F:\home\ship\work\PHP\eds\www\index.php (16)
2012/10/10 03:16:25 [trace] [system.CModule] Loading "urlManager" application component
in F:\home\ship\work\PHP\eds\www\index.php (16)
2012/10/10 03:16:25 [trace] [system.CModule] Loading "user" application component
in F:\home\ship\work\PHP\eds\www\protected\controllers\IssueController.php (8)
in F:\home\ship\work\PHP\eds\www\index.php (16)
2012/10/10 03:16:25 [trace] [system.CModule] Loading "session" application component
in F:\home\ship\work\PHP\eds\www\protected\controllers\IssueController.php (8)
in F:\home\ship\work\PHP\eds\www\index.php (16)
2012/10/10 03:16:25 [trace] [system.CModule] Loading "clientScript" application component
in F:\home\ship\work\PHP\eds\www\protected\controllers\IssueController.php (9)
in F:\home\ship\work\PHP\eds\www\index.php (16)
2012/10/10 03:16:25 [trace] [system.web.filters.CFilterChain] Running filter IssueController.filteraccessControl()
in F:\home\ship\work\PHP\eds\www\index.php (16)
2012/10/10 03:16:25 [trace] [system.CModule] Loading "db" application component
in F:\home\ship\work\PHP\eds\www\protected\models\Issue.php (31)
in F:\home\ship\work\PHP\eds\www\protected\controllers\IssueController.php (255)
in F:\home\ship\work\PHP\eds\www\protected\views\issue\extjs\data.php (1)
2012/10/10 03:16:25 [trace] [system.db.CDbConnection] Opening DB connection
in F:\home\ship\work\PHP\eds\www\protected\models\Issue.php (31)
in F:\home\ship\work\PHP\eds\www\protected\controllers\IssueController.php (255)
in F:\home\ship\work\PHP\eds\www\protected\views\issue\extjs\data.php (1)
2012/10/10 03:16:26 [trace] [system.db.CDbCommand] Querying SQL: SHOW COLUMNS FROM `tbl_issue`
in F:\home\ship\work\PHP\eds\www\protected\models\Issue.php (31)
in F:\home\ship\work\PHP\eds\www\protected\controllers\IssueController.php (255)
in F:\home\ship\work\PHP\eds\www\protected\views\issue\extjs\data.php (1)
2012/10/10 03:16:26 [trace] [system.db.CDbCommand] Querying SQL: SHOW CREATE TABLE `tbl_issue`
in F:\home\ship\work\PHP\eds\www\protected\models\Issue.php (31)
in F:\home\ship\work\PHP\eds\www\protected\controllers\IssueController.php (255)
in F:\home\ship\work\PHP\eds\www\protected\views\issue\extjs\data.php (1)
2012/10/10 03:16:26 [trace] [system.db.CDbCommand] Querying SQL: SELECT *
FROM `v_issue` `i`
WHERE client_login = :client_login
ORDER BY `is_closed`, `issue_date` DESC
in F:\home\ship\work\PHP\eds\www\protected\controllers\IssueController.php (277)
in F:\home\ship\work\PHP\eds\www\protected\views\issue\extjs\data.php (1)
in F:\home\ship\work\PHP\eds\www\protected\controllers\IssueController.php (248)
2012/10/10 03:16:35 [trace] [system.CModule] Loading "log" application component
in F:\home\ship\work\PHP\eds\www\index.php (16)
2012/10/10 03:16:35 [trace] [system.CModule] Loading "request" application component
in F:\home\ship\work\PHP\eds\www\index.php (16)
2012/10/10 03:16:35 [trace] [system.CModule] Loading "urlManager" application component
in F:\home\ship\work\PHP\eds\www\index.php (16)
2012/10/10 03:16:35 [trace] [system.CModule] Loading "user" application component
in F:\home\ship\work\PHP\eds\www\protected\controllers\IssueController.php (8)
in F:\home\ship\work\PHP\eds\www\index.php (16)
2012/10/10 03:16:35 [trace] [system.CModule] Loading "session" application component
in F:\home\ship\work\PHP\eds\www\protected\controllers\IssueController.php (8)
in F:\home\ship\work\PHP\eds\www\index.php (16)
2012/10/10 03:16:35 [trace] [system.CModule] Loading "clientScript" application component
in F:\home\ship\work\PHP\eds\www\protected\controllers\IssueController.php (9)
in F:\home\ship\work\PHP\eds\www\index.php (16)
2012/10/10 03:16:35 [trace] [system.web.filters.CFilterChain] Running filter IssueController.filteraccessControl()
in F:\home\ship\work\PHP\eds\www\index.php (16)
2012/10/10 03:16:35 [trace] [system.CModule] Loading "db" application component
in F:\home\ship\work\PHP\eds\www\protected\models\Issue.php (31)
in F:\home\ship\work\PHP\eds\www\protected\controllers\IssueController.php (255)
in F:\home\ship\work\PHP\eds\www\protected\views\issue\extjs\data.php (1)
2012/10/10 03:16:35 [trace] [system.db.CDbConnection] Opening DB connection
in F:\home\ship\work\PHP\eds\www\protected\models\Issue.php (31)
in F:\home\ship\work\PHP\eds\www\protected\controllers\IssueController.php (255)
in F:\home\ship\work\PHP\eds\www\protected\views\issue\extjs\data.php (1)
2012/10/10 03:16:35 [trace] [system.db.CDbCommand] Querying SQL: SHOW COLUMNS FROM `tbl_issue`
in F:\home\ship\work\PHP\eds\www\protected\models\Issue.php (31)
in F:\home\ship\work\PHP\eds\www\protected\controllers\IssueController.php (255)
in F:\home\ship\work\PHP\eds\www\protected\views\issue\extjs\data.php (1)
2012/10/10 03:16:35 [trace] [system.db.CDbCommand] Querying SQL: SHOW CREATE TABLE `tbl_issue`
in F:\home\ship\work\PHP\eds\www\protected\models\Issue.php (31)
in F:\home\ship\work\PHP\eds\www\protected\controllers\IssueController.php (255)
in F:\home\ship\work\PHP\eds\www\protected\views\issue\extjs\data.php (1)
2012/10/10 03:16:35 [trace] [system.db.CDbCommand] Querying SQL: SELECT *
FROM `v_issue` `i`
WHERE client_login = :client_login
ORDER BY `is_closed`, `issue_date` DESC
in F:\home\ship\work\PHP\eds\www\protected\controllers\IssueController.php (277)
in F:\home\ship\work\PHP\eds\www\protected\views\issue\extjs\data.php (1)
in F:\home\ship\work\PHP\eds\www\protected\controllers\IssueController.php (248)
2012/10/10 03:16:46 [trace] [system.CModule] Loading "log" application component
in F:\home\ship\work\PHP\eds\www\index.php (16)
2012/10/10 03:16:46 [trace] [system.CModule] Loading "request" application component
in F:\home\ship\work\PHP\eds\www\index.php (16)
2012/10/10 03:16:46 [trace] [system.CModule] Loading "urlManager" application component
in F:\home\ship\work\PHP\eds\www\index.php (16)
2012/10/10 03:16:46 [trace] [system.CModule] Loading "user" application component
in F:\home\ship\work\PHP\eds\www\protected\controllers\IssueController.php (8)
in F:\home\ship\work\PHP\eds\www\index.php (16)
2012/10/10 03:16:46 [trace] [system.CModule] Loading "session" application component
in F:\home\ship\work\PHP\eds\www\protected\controllers\IssueController.php (8)
in F:\home\ship\work\PHP\eds\www\index.php (16)
2012/10/10 03:16:46 [trace] [system.CModule] Loading "clientScript" application component
in F:\home\ship\work\PHP\eds\www\protected\controllers\IssueController.php (9)
in F:\home\ship\work\PHP\eds\www\index.php (16)
2012/10/10 03:16:46 [trace] [system.web.filters.CFilterChain] Running filter IssueController.filteraccessControl()
in F:\home\ship\work\PHP\eds\www\index.php (16)
2012/10/10 03:16:46 [trace] [system.CModule] Loading "db" application component
in F:\home\ship\work\PHP\eds\www\protected\models\Issue.php (31)
in F:\home\ship\work\PHP\eds\www\protected\controllers\IssueController.php (255)
in F:\home\ship\work\PHP\eds\www\protected\views\issue\extjs\data.php (1)
2012/10/10 03:16:46 [trace] [system.db.CDbConnection] Opening DB connection
in F:\home\ship\work\PHP\eds\www\protected\models\Issue.php (31)
in F:\home\ship\work\PHP\eds\www\protected\controllers\IssueController.php (255)
in F:\home\ship\work\PHP\eds\www\protected\views\issue\extjs\data.php (1)
2012/10/10 03:16:46 [trace] [system.db.CDbCommand] Querying SQL: SHOW COLUMNS FROM `tbl_issue`
in F:\home\ship\work\PHP\eds\www\protected\models\Issue.php (31)
in F:\home\ship\work\PHP\eds\www\protected\controllers\IssueController.php (255)
in F:\home\ship\work\PHP\eds\www\protected\views\issue\extjs\data.php (1)
2012/10/10 03:16:46 [trace] [system.db.CDbCommand] Querying SQL: SHOW CREATE TABLE `tbl_issue`
in F:\home\ship\work\PHP\eds\www\protected\models\Issue.php (31)
in F:\home\ship\work\PHP\eds\www\protected\controllers\IssueController.php (255)
in F:\home\ship\work\PHP\eds\www\protected\views\issue\extjs\data.php (1)
2012/10/10 03:16:46 [trace] [system.db.CDbCommand] Querying SQL: SELECT *
FROM `v_issue` `i`
WHERE client_login = :client_login
ORDER BY `is_closed`, `issue_date` DESC
in F:\home\ship\work\PHP\eds\www\protected\controllers\IssueController.php (277)
in F:\home\ship\work\PHP\eds\www\protected\views\issue\extjs\data.php (1)
in F:\home\ship\work\PHP\eds\www\protected\controllers\IssueController.php (248)
2012/10/10 03:16:55 [trace] [system.CModule] Loading "log" application component
in F:\home\ship\work\PHP\eds\www\index.php (16)
2012/10/10 03:16:55 [trace] [system.CModule] Loading "request" application component
in F:\home\ship\work\PHP\eds\www\index.php (16)
2012/10/10 03:16:55 [trace] [system.CModule] Loading "urlManager" application component
in F:\home\ship\work\PHP\eds\www\index.php (16)
2012/10/10 03:16:55 [trace] [system.CModule] Loading "user" application component
in F:\home\ship\work\PHP\eds\www\protected\controllers\IssueController.php (8)
in F:\home\ship\work\PHP\eds\www\index.php (16)
2012/10/10 03:16:55 [trace] [system.CModule] Loading "session" application component
in F:\home\ship\work\PHP\eds\www\protected\controllers\IssueController.php (8)
in F:\home\ship\work\PHP\eds\www\index.php (16)
2012/10/10 03:16:55 [trace] [system.CModule] Loading "clientScript" application component
in F:\home\ship\work\PHP\eds\www\protected\controllers\IssueController.php (9)
in F:\home\ship\work\PHP\eds\www\index.php (16)
2012/10/10 03:16:55 [trace] [system.web.filters.CFilterChain] Running filter IssueController.filteraccessControl()
in F:\home\ship\work\PHP\eds\www\index.php (16)
2012/10/10 03:16:55 [trace] [system.CModule] Loading "db" application component
in F:\home\ship\work\PHP\eds\www\protected\models\Issue.php (31)
in F:\home\ship\work\PHP\eds\www\protected\controllers\IssueController.php (255)
in F:\home\ship\work\PHP\eds\www\protected\views\issue\extjs\data.php (1)
2012/10/10 03:16:55 [trace] [system.db.CDbConnection] Opening DB connection
in F:\home\ship\work\PHP\eds\www\protected\models\Issue.php (31)
in F:\home\ship\work\PHP\eds\www\protected\controllers\IssueController.php (255)
in F:\home\ship\work\PHP\eds\www\protected\views\issue\extjs\data.php (1)
2012/10/10 03:16:55 [trace] [system.db.CDbCommand] Querying SQL: SHOW COLUMNS FROM `tbl_issue`
in F:\home\ship\work\PHP\eds\www\protected\models\Issue.php (31)
in F:\home\ship\work\PHP\eds\www\protected\controllers\IssueController.php (255)
in F:\home\ship\work\PHP\eds\www\protected\views\issue\extjs\data.php (1)
2012/10/10 03:16:55 [trace] [system.db.CDbCommand] Querying SQL: SHOW CREATE TABLE `tbl_issue`
in F:\home\ship\work\PHP\eds\www\protected\models\Issue.php (31)
in F:\home\ship\work\PHP\eds\www\protected\controllers\IssueController.php (255)
in F:\home\ship\work\PHP\eds\www\protected\views\issue\extjs\data.php (1)
2012/10/10 03:16:55 [trace] [system.db.CDbCommand] Querying SQL: SELECT *
FROM `v_issue` `i`
WHERE client_login = :client_login
ORDER BY `is_closed`, `issue_date` DESC
in F:\home\ship\work\PHP\eds\www\protected\controllers\IssueController.php (277)
in F:\home\ship\work\PHP\eds\www\protected\views\issue\extjs\data.php (1)
in F:\home\ship\work\PHP\eds\www\protected\controllers\IssueController.php (248)
2012/10/10 03:29:34 [trace] [system.CModule] Loading "log" application component
in F:\home\ship\work\PHP\eds\www\index.php (16)
2012/10/10 03:29:34 [trace] [system.CModule] Loading "request" application component
in F:\home\ship\work\PHP\eds\www\index.php (16)
2012/10/10 03:29:34 [trace] [system.CModule] Loading "urlManager" application component
in F:\home\ship\work\PHP\eds\www\index.php (16)
2012/10/10 03:29:34 [trace] [system.CModule] Loading "widgetFactory" application component
in F:\home\ship\work\PHP\eds\www\protected\views\layouts\column1.php (2)
in F:\home\ship\work\PHP\eds\www\protected\controllers\SiteController.php (31)
in F:\home\ship\work\PHP\eds\www\index.php (16)
2012/10/10 03:29:34 [trace] [system.CModule] Loading "user" application component
in F:\home\ship\work\PHP\eds\www\protected\views\layouts\menu.php (10)
in F:\home\ship\work\PHP\eds\www\protected\views\layouts\main.php (39)
in F:\home\ship\work\PHP\eds\www\protected\views\layouts\column1.php (6)
2012/10/10 03:29:34 [trace] [system.CModule] Loading "session" application component
in F:\home\ship\work\PHP\eds\www\protected\views\layouts\menu.php (10)
in F:\home\ship\work\PHP\eds\www\protected\views\layouts\main.php (39)
in F:\home\ship\work\PHP\eds\www\protected\views\layouts\column1.php (6)
2012/10/10 03:29:34 [trace] [system.CModule] Loading "clientScript" application component
in F:\home\ship\work\PHP\eds\www\protected\controllers\SiteController.php (31)
in F:\home\ship\work\PHP\eds\www\index.php (16)
2012/10/10 03:29:39 [trace] [system.CModule] Loading "log" application component
in F:\home\ship\work\PHP\eds\www\index.php (16)
2012/10/10 03:29:39 [trace] [system.CModule] Loading "request" application component
in F:\home\ship\work\PHP\eds\www\index.php (16)
2012/10/10 03:29:39 [trace] [system.CModule] Loading "urlManager" application component
in F:\home\ship\work\PHP\eds\www\index.php (16)
2012/10/10 03:29:39 [trace] [system.CModule] Loading "widgetFactory" application component
in F:\home\ship\work\PHP\eds\www\protected\views\layouts\column1.php (2)
in F:\home\ship\work\PHP\eds\www\protected\controllers\SiteController.php (31)
in F:\home\ship\work\PHP\eds\www\index.php (16)
2012/10/10 03:29:39 [trace] [system.CModule] Loading "user" application component
in F:\home\ship\work\PHP\eds\www\protected\views\layouts\menu.php (10)
in F:\home\ship\work\PHP\eds\www\protected\views\layouts\main.php (39)
in F:\home\ship\work\PHP\eds\www\protected\views\layouts\column1.php (6)
2012/10/10 03:29:39 [trace] [system.CModule] Loading "session" application component
in F:\home\ship\work\PHP\eds\www\protected\views\layouts\menu.php (10)
in F:\home\ship\work\PHP\eds\www\protected\views\layouts\main.php (39)
in F:\home\ship\work\PHP\eds\www\protected\views\layouts\column1.php (6)
2012/10/10 03:29:39 [trace] [system.CModule] Loading "clientScript" application component
in F:\home\ship\work\PHP\eds\www\protected\controllers\SiteController.php (31)
in F:\home\ship\work\PHP\eds\www\index.php (16)
2012/10/10 03:32:35 [trace] [system.CModule] Loading "log" application component
in F:\home\ship\work\PHP\eds\www\index.php (16)
2012/10/10 03:32:35 [trace] [system.CModule] Loading "request" application component
in F:\home\ship\work\PHP\eds\www\index.php (16)
2012/10/10 03:32:35 [trace] [system.CModule] Loading "urlManager" application component
in F:\home\ship\work\PHP\eds\www\index.php (16)
2012/10/10 03:32:35 [trace] [system.CModule] Loading "widgetFactory" application component
in F:\home\ship\work\PHP\eds\www\protected\views\layouts\column1.php (2)
in F:\home\ship\work\PHP\eds\www\protected\controllers\SiteController.php (31)
in F:\home\ship\work\PHP\eds\www\index.php (16)
2012/10/10 03:32:35 [trace] [system.CModule] Loading "user" application component
in F:\home\ship\work\PHP\eds\www\protected\views\layouts\menu.php (10)
in F:\home\ship\work\PHP\eds\www\protected\views\layouts\main.php (39)
in F:\home\ship\work\PHP\eds\www\protected\views\layouts\column1.php (6)
2012/10/10 03:32:35 [trace] [system.CModule] Loading "session" application component
in F:\home\ship\work\PHP\eds\www\protected\views\layouts\menu.php (10)
in F:\home\ship\work\PHP\eds\www\protected\views\layouts\main.php (39)
in F:\home\ship\work\PHP\eds\www\protected\views\layouts\column1.php (6)
2012/10/10 03:32:35 [trace] [system.CModule] Loading "clientScript" application component
in F:\home\ship\work\PHP\eds\www\protected\controllers\SiteController.php (31)
in F:\home\ship\work\PHP\eds\www\index.php (16)
2012/10/10 03:32:44 [trace] [system.CModule] Loading "log" application component
in F:\home\ship\work\PHP\eds\www\index.php (16)
2012/10/10 03:32:44 [trace] [system.CModule] Loading "request" application component
in F:\home\ship\work\PHP\eds\www\index.php (16)
2012/10/10 03:32:44 [trace] [system.CModule] Loading "urlManager" application component
in F:\home\ship\work\PHP\eds\www\index.php (16)
2012/10/10 03:32:44 [trace] [system.CModule] Loading "widgetFactory" application component
in F:\home\ship\work\PHP\eds\www\protected\views\layouts\column1.php (2)
in F:\home\ship\work\PHP\eds\www\protected\controllers\SiteController.php (31)
in F:\home\ship\work\PHP\eds\www\index.php (16)
2012/10/10 03:32:44 [trace] [system.CModule] Loading "user" application component
in F:\home\ship\work\PHP\eds\www\protected\views\layouts\menu.php (10)
in F:\home\ship\work\PHP\eds\www\protected\views\layouts\main.php (39)
in F:\home\ship\work\PHP\eds\www\protected\views\layouts\column1.php (6)
2012/10/10 03:32:44 [trace] [system.CModule] Loading "session" application component
in F:\home\ship\work\PHP\eds\www\protected\views\layouts\menu.php (10)
in F:\home\ship\work\PHP\eds\www\protected\views\layouts\main.php (39)
in F:\home\ship\work\PHP\eds\www\protected\views\layouts\column1.php (6)
2012/10/10 03:32:44 [trace] [system.CModule] Loading "clientScript" application component
in F:\home\ship\work\PHP\eds\www\protected\controllers\SiteController.php (31)
in F:\home\ship\work\PHP\eds\www\index.php (16)
